This is pdfTeX, Version 3.141592653-2.6-1.40.24 (MiKTeX 22.3) (preloaded format=pdflatex 2022.5.5)  11 JUL 2022 10:37
entering extended mode
 restricted \write18 enabled.
 %&-line parsing enabled.
**./KacperWojcik_licencjat.tex
(KacperWojcik_licencjat.tex
LaTeX2e <2021-11-15> patch level 1
L3 programming layer <2022-02-24>
(D:\Programowanie\JÄ™zyki\MiKTeX\tex/latex/base\book.cls
Document Class: book 2021/10/04 v1.4n Standard LaTeX document class
(D:\Programowanie\JÄ™zyki\MiKTeX\tex/latex/base\bk12.clo
File: bk12.clo 2021/10/04 v1.4n Standard LaTeX file (size option)
)
\c@part=\count185
\c@chapter=\count186
\c@section=\count187
\c@subsection=\count188
\c@subsubsection=\count189
\c@paragraph=\count190
\c@subparagraph=\count191
\c@figure=\count192
\c@table=\count193
\abovecaptionskip=\skip47
\belowcaptionskip=\skip48
\bibindent=\dimen138
)
(D:\Programowanie\JÄ™zyki\MiKTeX\tex/latex/polski\polski.sty
Package: polski 2021/08/25 v1.3.6 Polish language package

   Switching to Polish text encoding and Polish maths fonts.
(D:\Programowanie\JÄ™zyki\MiKTeX\tex/latex/base\ot4enc.def
File: ot4enc.def 2021/04/29 v2.0v Standard LaTeX file
Now handling font encoding OT4 ...
... no UTF-8 mapping file for font encoding OT4
)
LaTeX Font Info:    Trying to load font information for OT4+cmr on input line 3
62.

(D:\Programowanie\JÄ™zyki\MiKTeX\tex/latex/polski\ot4cmr.fd
File: ot4cmr.fd 2008/02/24 v1.2.1 Font defs for fonts PL (MW)
)
LaTeX Font Info:    Overwriting math alphabet `\mathbf' in version `normal'
(Font)                  OT1/cmr/bx/n --> OT4/cmr/bx/n on input line 362.
LaTeX Font Info:    Overwriting math alphabet `\mathsf' in version `normal'
(Font)                  OT1/cmss/m/n --> OT4/cmss/m/n on input line 362.
LaTeX Font Info:    Overwriting math alphabet `\mathit' in version `normal'
(Font)                  OT1/cmr/m/it --> OT4/cmr/m/it on input line 362.
LaTeX Font Info:    Overwriting math alphabet `\mathtt' in version `normal'
(Font)                  OT1/cmtt/m/n --> OT4/cmtt/m/n on input line 362.
LaTeX Font Info:    Overwriting math alphabet `\mathsf' in version `bold'
(Font)                  OT1/cmss/bx/n --> OT4/cmss/bx/n on input line 362.
LaTeX Font Info:    Overwriting math alphabet `\mathit' in version `bold'
(Font)                  OT1/cmr/bx/it --> OT4/cmr/bx/it on input line 362.
LaTeX Font Info:    Encoding `OT1' has changed to `OT4' for symbol font
(Font)              `operators' in the math version `normal' on input line 362.

LaTeX Font Info:    Overwriting symbol font `operators' in version `normal'
(Font)                  OT1/cmr/m/n --> OT4/cmr/m/n on input line 362.
LaTeX Font Info:    Overwriting symbol font `letters' in version `normal'
(Font)                  OML/cmm/m/it --> OML/plm/m/it on input line 362.
LaTeX Font Info:    Overwriting symbol font `symbols' in version `normal'
(Font)                  OMS/cmsy/m/n --> OMS/plsy/m/n on input line 362.
LaTeX Font Info:    Overwriting symbol font `largesymbols' in version `normal'
(Font)                  OMX/cmex/m/n --> OMX/plex/m/n on input line 362.
LaTeX Font Info:    Encoding `OT1' has changed to `OT4' for symbol font
(Font)              `operators' in the math version `bold' on input line 362.
LaTeX Font Info:    Overwriting symbol font `operators' in version `bold'
(Font)                  OT1/cmr/bx/n --> OT4/cmr/bx/n on input line 362.
LaTeX Font Info:    Overwriting symbol font `letters' in version `bold'
(Font)                  OML/cmm/b/it --> OML/plm/b/it on input line 362.
LaTeX Font Info:    Overwriting symbol font `symbols' in version `bold'
(Font)                  OMS/cmsy/b/n --> OMS/plsy/b/n on input line 362.
)
(D:\Programowanie\JÄ™zyki\MiKTeX\tex/latex/base\inputenc.sty
Package: inputenc 2021/02/14 v1.3d Input encoding file
\inpenc@prehook=\toks16
\inpenc@posthook=\toks17
)
(D:\Programowanie\JÄ™zyki\MiKTeX\tex/latex/fancyhdr\fancyhdr.sty
Package: fancyhdr 2021/01/28 v4.0.1 Extensive control of page headers and foote
rs
\f@nch@headwidth=\skip49
\f@nch@O@elh=\skip50
\f@nch@O@erh=\skip51
\f@nch@O@olh=\skip52
\f@nch@O@orh=\skip53
\f@nch@O@elf=\skip54
\f@nch@O@erf=\skip55
\f@nch@O@olf=\skip56
\f@nch@O@orf=\skip57
)
(D:\Programowanie\JÄ™zyki\MiKTeX\tex/latex/tools\indentfirst.sty
Package: indentfirst 1995/11/23 v1.03 Indent first paragraph (DPC)
)
(D:\Programowanie\JÄ™zyki\MiKTeX\tex/latex/graphics\graphicx.sty
Package: graphicx 2021/09/16 v1.2d Enhanced LaTeX Graphics (DPC,SPQR)

(D:\Programowanie\JÄ™zyki\MiKTeX\tex/latex/graphics\keyval.sty
Package: keyval 2014/10/28 v1.15 key=value parser (DPC)
\KV@toks@=\toks18
)
(D:\Programowanie\JÄ™zyki\MiKTeX\tex/latex/graphics\graphics.sty
Package: graphics 2021/03/04 v1.4d Standard LaTeX Graphics (DPC,SPQR)

(D:\Programowanie\JÄ™zyki\MiKTeX\tex/latex/graphics\trig.sty
Package: trig 2021/08/11 v1.11 sin cos tan (DPC)
)
(D:\Programowanie\JÄ™zyki\MiKTeX\tex/latex/graphics-cfg\graphics.cfg
File: graphics.cfg 2016/06/04 v1.11 sample graphics configuration
)
Package graphics Info: Driver file: pdftex.def on input line 107.

(D:\Programowanie\JÄ™zyki\MiKTeX\tex/latex/graphics-def\pdftex.def
File: pdftex.def 2020/10/05 v1.2a Graphics/color driver for pdftex
))
\Gin@req@height=\dimen139
\Gin@req@width=\dimen140
)
(D:\Programowanie\JÄ™zyki\MiKTeX\tex/latex/amsmath\amsmath.sty
Package: amsmath 2021/10/15 v2.17l AMS math features
\@mathmargin=\skip58

For additional information on amsmath, use the `?' option.
(D:\Programowanie\JÄ™zyki\MiKTeX\tex/latex/amsmath\amstext.sty
Package: amstext 2021/08/26 v2.01 AMS text

(D:\Programowanie\JÄ™zyki\MiKTeX\tex/latex/amsmath\amsgen.sty
File: amsgen.sty 1999/11/30 v2.0 generic functions
\@emptytoks=\toks19
\ex@=\dimen141
))
(D:\Programowanie\JÄ™zyki\MiKTeX\tex/latex/amsmath\amsbsy.sty
Package: amsbsy 1999/11/29 v1.2d Bold Symbols
\pmbraise@=\dimen142
)
(D:\Programowanie\JÄ™zyki\MiKTeX\tex/latex/amsmath\amsopn.sty
Package: amsopn 2021/08/26 v2.02 operator names
)
\inf@bad=\count194
LaTeX Info: Redefining \frac on input line 234.
\uproot@=\count195
\leftroot@=\count196
LaTeX Info: Redefining \overline on input line 399.
\classnum@=\count197
\DOTSCASE@=\count198
LaTeX Info: Redefining \ldots on input line 496.
LaTeX Info: Redefining \dots on input line 499.
LaTeX Info: Redefining \cdots on input line 620.
\Mathstrutbox@=\box50
\strutbox@=\box51
\big@size=\dimen143
LaTeX Font Info:    Redeclaring font encoding OML on input line 743.
LaTeX Font Info:    Redeclaring font encoding OMS on input line 744.
\macc@depth=\count199
\c@MaxMatrixCols=\count266
\dotsspace@=\muskip16
\c@parentequation=\count267
\dspbrk@lvl=\count268
\tag@help=\toks20
\row@=\count269
\column@=\count270
\maxfields@=\count271
\andhelp@=\toks21
\eqnshift@=\dimen144
\alignsep@=\dimen145
\tagshift@=\dimen146
\tagwidth@=\dimen147
\totwidth@=\dimen148
\lineht@=\dimen149
\@envbody=\toks22
\multlinegap=\skip59
\multlinetaggap=\skip60
\mathdisplay@stack=\toks23
LaTeX Info: Redefining \[ on input line 2938.
LaTeX Info: Redefining \] on input line 2939.
)
(D:\Programowanie\JÄ™zyki\MiKTeX\tex/latex/geometry\geometry.sty
Package: geometry 2020/01/02 v5.9 Page Geometry

(D:\Programowanie\JÄ™zyki\MiKTeX\tex/generic/iftex\ifvtex.sty
Package: ifvtex 2019/10/25 v1.7 ifvtex legacy package. Use iftex instead.

(D:\Programowanie\JÄ™zyki\MiKTeX\tex/generic/iftex\iftex.sty
Package: iftex 2022/02/03 v1.0f TeX engine tests
))
\Gm@cnth=\count272
\Gm@cntv=\count273
\c@Gm@tempcnt=\count274
\Gm@bindingoffset=\dimen150
\Gm@wd@mp=\dimen151
\Gm@odd@mp=\dimen152
\Gm@even@mp=\dimen153
\Gm@layoutwidth=\dimen154
\Gm@layoutheight=\dimen155
\Gm@layouthoffset=\dimen156
\Gm@layoutvoffset=\dimen157
\Gm@dimlist=\toks24

(D:\Programowanie\JÄ™zyki\MiKTeX\tex/latex/geometry\geometry.cfg))
(D:\Programowanie\JÄ™zyki\MiKTeX\tex/latex/amsfonts\amssymb.sty
Package: amssymb 2013/01/14 v3.01 AMS font symbols

(D:\Programowanie\JÄ™zyki\MiKTeX\tex/latex/amsfonts\amsfonts.sty
Package: amsfonts 2013/01/14 v3.01 Basic AMSFonts support
\symAMSa=\mathgroup4
\symAMSb=\mathgroup5
LaTeX Font Info:    Redeclaring math symbol \hbar on input line 98.
LaTeX Font Info:    Overwriting math alphabet `\mathfrak' in version `bold'
(Font)                  U/euf/m/n --> U/euf/b/n on input line 106.
))
(D:\Programowanie\JÄ™zyki\MiKTeX\tex/latex/pdfpages\pdfpages.sty
Package: pdfpages 2022/01/29 v0.5u Insert pages of external PDF documents (AM)

(D:\Programowanie\JÄ™zyki\MiKTeX\tex/latex/base\ifthen.sty
Package: ifthen 2020/11/24 v1.1c Standard LaTeX ifthen package (DPC)
)
(D:\Programowanie\JÄ™zyki\MiKTeX\tex/latex/tools\calc.sty
Package: calc 2017/05/25 v4.3 Infix arithmetic (KKT,FJ)
\calc@Acount=\count275
\calc@Bcount=\count276
\calc@Adimen=\dimen158
\calc@Bdimen=\dimen159
\calc@Askip=\skip61
\calc@Bskip=\skip62
LaTeX Info: Redefining \setlength on input line 80.
LaTeX Info: Redefining \addtolength on input line 81.
\calc@Ccount=\count277
\calc@Cskip=\skip63
)
(D:\Programowanie\JÄ™zyki\MiKTeX\tex/latex/eso-pic\eso-pic.sty
Package: eso-pic 2020/10/14 v3.0a eso-pic (RN)
\ESO@tempdima=\dimen160
\ESO@tempdimb=\dimen161

(D:\Programowanie\JÄ™zyki\MiKTeX\tex/latex/xcolor\xcolor.sty
Package: xcolor 2021/10/31 v2.13 LaTeX color extensions (UK)

(D:\Programowanie\JÄ™zyki\MiKTeX\tex/latex/graphics-cfg\color.cfg
File: color.cfg 2016/01/02 v1.6 sample color configuration
)
Package xcolor Info: Driver file: pdftex.def on input line 227.
Package xcolor Info: Model `cmy' substituted by `cmy0' on input line 1352.
Package xcolor Info: Model `hsb' substituted by `rgb' on input line 1356.
Package xcolor Info: Model `RGB' extended on input line 1368.
Package xcolor Info: Model `HTML' substituted by `rgb' on input line 1370.
Package xcolor Info: Model `Hsb' substituted by `hsb' on input line 1371.
Package xcolor Info: Model `tHsb' substituted by `hsb' on input line 1372.
Package xcolor Info: Model `HSB' substituted by `hsb' on input line 1373.
Package xcolor Info: Model `Gray' substituted by `gray' on input line 1374.
Package xcolor Info: Model `wave' substituted by `hsb' on input line 1375.
))
\AM@pagewidth=\dimen162
\AM@pageheight=\dimen163
\AM@fboxrule=\dimen164

(D:\Programowanie\JÄ™zyki\MiKTeX\tex/latex/pdfpages\pppdftex.def
File: pppdftex.def 2022/01/29 v0.5u Pdfpages driver for pdfTeX (AM)
)
\pdfpages@includegraphics@status=\count278
\AM@pagebox=\box52
\AM@global@opts=\toks25
\AM@pagecnt=\count279
\AM@toc@title=\toks26
\c@AM@survey=\count280
\AM@templatesizebox=\box53
)
(D:\Programowanie\JÄ™zyki\MiKTeX\tex/latex/booktabs\booktabs.sty
Package: booktabs 2020/01/12 v1.61803398 Publication quality tables
\heavyrulewidth=\dimen165
\lightrulewidth=\dimen166
\cmidrulewidth=\dimen167
\belowrulesep=\dimen168
\belowbottomsep=\dimen169
\aboverulesep=\dimen170
\abovetopsep=\dimen171
\cmidrulesep=\dimen172
\cmidrulekern=\dimen173
\defaultaddspace=\dimen174
\@cmidla=\count281
\@cmidlb=\count282
\@aboverulesep=\dimen175
\@belowrulesep=\dimen176
\@thisruleclass=\count283
\@lastruleclass=\count284
\@thisrulewidth=\dimen177
)
(D:\Programowanie\JÄ™zyki\MiKTeX\tex/latex/siunitx\siunitx.sty
Package: siunitx 2022-06-07 v3.1.3 A comprehensive (SI) units package
\l__siunitx_angle_tmp_dim=\dimen178
\l__siunitx_angle_marker_box=\box54
\l__siunitx_angle_unit_box=\box55
\l__siunitx_compound_count_int=\count285

(D:\Programowanie\JÄ™zyki\MiKTeX\tex/latex/translations\translations.sty
Package: translations 2022/02/05 v1.12 internationalization of LaTeX2e packages
 (CN)

(D:\Programowanie\JÄ™zyki\MiKTeX\tex/latex/etoolbox\etoolbox.sty
Package: etoolbox 2020/10/05 v2.5k e-TeX tools for LaTeX (JAW)
\etb@tempcnta=\count286
)
(D:\Programowanie\JÄ™zyki\MiKTeX\tex/generic/pdftexcmds\pdftexcmds.sty
Package: pdftexcmds 2020-06-27 v0.33 Utility functions of pdfTeX for LuaTeX (HO
)

(D:\Programowanie\JÄ™zyki\MiKTeX\tex/generic/infwarerr\infwarerr.sty
Package: infwarerr 2019/12/03 v1.5 Providing info/warning/error messages (HO)
)
(D:\Programowanie\JÄ™zyki\MiKTeX\tex/generic/ltxcmds\ltxcmds.sty
Package: ltxcmds 2020-05-10 v1.25 LaTeX kernel commands for general use (HO)
)
Package pdftexcmds Info: \pdf@primitive is available.
Package pdftexcmds Info: \pdf@ifprimitive is available.
Package pdftexcmds Info: \pdfdraftmode found.
))
\l__siunitx_number_exponent_fixed_int=\count287
\l__siunitx_number_min_decimal_int=\count288
\l__siunitx_number_min_integer_int=\count289
\l__siunitx_number_round_precision_int=\count290
\l__siunitx_number_group_first_int=\count291
\l__siunitx_number_group_size_int=\count292
\l__siunitx_number_group_minimum_int=\count293
\l__siunitx_table_tmp_box=\box56
\l__siunitx_table_tmp_dim=\dimen179
\l__siunitx_table_column_width_dim=\dimen180
\l__siunitx_table_integer_box=\box57
\l__siunitx_table_decimal_box=\box58
\l__siunitx_table_before_box=\box59
\l__siunitx_table_after_box=\box60
\l__siunitx_table_before_dim=\dimen181
\l__siunitx_table_carry_dim=\dimen182
\l__siunitx_unit_tmp_int=\count294
\l__siunitx_unit_position_int=\count295
\l__siunitx_unit_total_int=\count296

(D:\Programowanie\JÄ™zyki\MiKTeX\tex/latex/l3packages/l3keys2e\l3keys2e.sty
(D:\Programowanie\JÄ™zyki\MiKTeX\tex/latex/l3kernel\expl3.sty
Package: expl3 2022-02-24 L3 programming layer (loader) 

(D:\Programowanie\JÄ™zyki\MiKTeX\tex/latex/l3backend\l3backend-pdftex.def
File: l3backend-pdftex.def 2022-02-07 L3 backend support: PDF output (pdfTeX)
\l__color_backend_stack_int=\count297
\l__pdf_internal_box=\box61
))
Package: l3keys2e 2022-01-12 LaTeX2e option processing using LaTeX3 keys
)
(D:\Programowanie\JÄ™zyki\MiKTeX\tex/latex/tools\array.sty
Package: array 2021/10/04 v2.5f Tabular extension package (FMi)
\col@sep=\dimen183
\ar@mcellbox=\box62
\extrarowheight=\dimen184
\NC@list=\toks27
\extratabsurround=\skip64
\backup@length=\skip65
\ar@cellbox=\box63
))
(D:\Programowanie\JÄ™zyki\MiKTeX\tex/latex/threeparttable\threeparttable.sty
Package: threeparttable 2003/06/13  v 3.0
\@tempboxb=\box64
)
(D:\Programowanie\JÄ™zyki\MiKTeX\tex/latex/biblatex\biblatex.sty
Package: biblatex 2022/02/02 v3.17 programmable bibliographies (PK/MW)

(D:\Programowanie\JÄ™zyki\MiKTeX\tex/latex/kvoptions\kvoptions.sty
Package: kvoptions 2020-10-07 v3.14 Key value format for package options (HO)

(D:\Programowanie\JÄ™zyki\MiKTeX\tex/generic/kvsetkeys\kvsetkeys.sty
Package: kvsetkeys 2019/12/15 v1.18 Key value parser (HO)
))
(D:\Programowanie\JÄ™zyki\MiKTeX\tex/latex/logreq\logreq.sty
Package: logreq 2010/08/04 v1.0 xml request logger
\lrq@indent=\count298

(D:\Programowanie\JÄ™zyki\MiKTeX\tex/latex/logreq\logreq.def
File: logreq.def 2010/08/04 v1.0 logreq spec v1.0
))
(D:\Programowanie\JÄ™zyki\MiKTeX\tex/latex/url\url.sty
\Urlmuskip=\muskip17
Package: url 2013/09/16  ver 3.4  Verb mode for urls, etc.
)
\c@tabx@nest=\count299
\c@listtotal=\count300
\c@listcount=\count301
\c@liststart=\count302
\c@liststop=\count303
\c@citecount=\count304
\c@citetotal=\count305
\c@multicitecount=\count306
\c@multicitetotal=\count307
\c@instcount=\count308
\c@maxnames=\count309
\c@minnames=\count310
\c@maxitems=\count311
\c@minitems=\count312
\c@citecounter=\count313
\c@maxcitecounter=\count314
\c@savedcitecounter=\count315
\c@uniquelist=\count316
\c@uniquename=\count317
\c@refsection=\count318
\c@refsegment=\count319
\c@maxextratitle=\count320
\c@maxextratitleyear=\count321
\c@maxextraname=\count322
\c@maxextradate=\count323
\c@maxextraalpha=\count324
\c@abbrvpenalty=\count325
\c@highnamepenalty=\count326
\c@lownamepenalty=\count327
\c@maxparens=\count328
\c@parenlevel=\count329
\blx@tempcnta=\count330
\blx@tempcntb=\count331
\blx@tempcntc=\count332
\c@blx@maxsection=\count333
\c@blx@maxsegment@0=\count334
\blx@notetype=\count335
\blx@parenlevel@text=\count336
\blx@parenlevel@foot=\count337
\c@blx@sectionciteorder@0=\count338
\blx@entrysetcounter=\count339
\blx@biblioinstance=\count340
\labelnumberwidth=\skip66
\labelalphawidth=\skip67
\biblabelsep=\skip68
\bibitemsep=\skip69
\bibnamesep=\skip70
\bibinitsep=\skip71
\bibparsep=\skip72
\bibhang=\skip73
\blx@bcfin=\read2
\blx@bcfout=\write3
\blx@langwohyphens=\language79
\c@mincomprange=\count341
\c@maxcomprange=\count342
\c@mincompwidth=\count343
Package biblatex Info: Trying to load biblatex default data model...
Package biblatex Info: ... file 'blx-dm.def' found.

(D:\Programowanie\JÄ™zyki\MiKTeX\tex/latex/biblatex\blx-dm.def
File: blx-dm.def 2022/02/02 v3.17 biblatex localization (PK/MW)
)
Package biblatex Info: Trying to load biblatex custom data model...
Package biblatex Info: ... file 'biblatex-dm.cfg' not found.
\c@afterword=\count344
\c@savedafterword=\count345
\c@annotator=\count346
\c@savedannotator=\count347
\c@author=\count348
\c@savedauthor=\count349
\c@bookauthor=\count350
\c@savedbookauthor=\count351
\c@commentator=\count352
\c@savedcommentator=\count353
\c@editor=\count354
\c@savededitor=\count355
\c@editora=\count356
\c@savededitora=\count357
\c@editorb=\count358
\c@savededitorb=\count359
\c@editorc=\count360
\c@savededitorc=\count361
\c@foreword=\count362
\c@savedforeword=\count363
\c@holder=\count364
\c@savedholder=\count365
\c@introduction=\count366
\c@savedintroduction=\count367
\c@namea=\count368
\c@savednamea=\count369
\c@nameb=\count370
\c@savednameb=\count371
\c@namec=\count372
\c@savednamec=\count373
\c@translator=\count374
\c@savedtranslator=\count375
\c@shortauthor=\count376
\c@savedshortauthor=\count377
\c@shorteditor=\count378
\c@savedshorteditor=\count379
\c@labelname=\count380
\c@savedlabelname=\count381
\c@institution=\count382
\c@savedinstitution=\count383
\c@lista=\count384
\c@savedlista=\count385
\c@listb=\count386
\c@savedlistb=\count387
\c@listc=\count388
\c@savedlistc=\count389
\c@listd=\count390
\c@savedlistd=\count391
\c@liste=\count392
\c@savedliste=\count393
\c@listf=\count394
\c@savedlistf=\count395
\c@location=\count396
\c@savedlocation=\count397
\c@organization=\count398
\c@savedorganization=\count399
\c@origlocation=\count400
\c@savedoriglocation=\count401
\c@origpublisher=\count402
\c@savedorigpublisher=\count403
\c@publisher=\count404
\c@savedpublisher=\count405
\c@language=\count406
\c@savedlanguage=\count407
\c@origlanguage=\count408
\c@savedoriglanguage=\count409
\c@pageref=\count410
\c@savedpageref=\count411
\shorthandwidth=\skip74
\shortjournalwidth=\skip75
\shortserieswidth=\skip76
\shorttitlewidth=\skip77
\shortauthorwidth=\skip78
\shorteditorwidth=\skip79
\locallabelnumberwidth=\skip80
\locallabelalphawidth=\skip81
\localshorthandwidth=\skip82
\localshortjournalwidth=\skip83
\localshortserieswidth=\skip84
\localshorttitlewidth=\skip85
\localshortauthorwidth=\skip86
\localshorteditorwidth=\skip87
Package biblatex Info: Trying to load compatibility code...
Package biblatex Info: ... file 'blx-compat.def' found.

(D:\Programowanie\JÄ™zyki\MiKTeX\tex/latex/biblatex\blx-compat.def
File: blx-compat.def 2022/02/02 v3.17 biblatex compatibility (PK/MW)
)
Package biblatex Info: Trying to load BibTeX backend compatibility...
Package biblatex Info: ... file 'blx-bibtex.def' found.

(D:\Programowanie\JÄ™zyki\MiKTeX\tex/latex/biblatex\blx-bibtex.def
File: blx-bibtex.def 2022/02/02 v3.17 biblatex compatibility (PK/MW)


Package biblatex Warning: Using fall-back BibTeX(8) backend:
(biblatex)                functionality may be reduced/unavailable.

)
Package biblatex Info: Trying to load generic definitions...
Package biblatex Info: ... file 'biblatex.def' found.
 (D:\Programowanie\JÄ™zyki\MiKTeX\tex/latex/biblatex\biblatex.def
File: biblatex.def 2022/02/02 v3.17 biblatex compatibility (PK/MW)
\c@textcitecount=\count412
\c@textcitetotal=\count413
\c@textcitemaxnames=\count414
\c@biburlbigbreakpenalty=\count415
\c@biburlbreakpenalty=\count416
\c@biburlnumpenalty=\count417
\c@biburlucpenalty=\count418
\c@biburllcpenalty=\count419
\biburlbigskip=\muskip18
\biburlnumskip=\muskip19
\biburlucskip=\muskip20
\biburllcskip=\muskip21
\c@smartand=\count420
)
Package biblatex Info: Trying to load bibliography style 'numeric'...
Package biblatex Info: ... file 'numeric.bbx' found.

(D:\Programowanie\JÄ™zyki\MiKTeX\tex/latex/biblatex/bbx\numeric.bbx
File: numeric.bbx 2022/02/02 v3.17 biblatex bibliography style (PK/MW)
Package biblatex Info: Trying to load bibliography style 'standard'...
Package biblatex Info: ... file 'standard.bbx' found.

(D:\Programowanie\JÄ™zyki\MiKTeX\tex/latex/biblatex/bbx\standard.bbx
File: standard.bbx 2022/02/02 v3.17 biblatex bibliography style (PK/MW)
\c@bbx:relatedcount=\count421
\c@bbx:relatedtotal=\count422
))
Package biblatex Info: Trying to load citation style 'numeric'...
Package biblatex Info: ... file 'numeric.cbx' found.

(D:\Programowanie\JÄ™zyki\MiKTeX\tex/latex/biblatex/cbx\numeric.cbx
File: numeric.cbx 2022/02/02 v3.17 biblatex citation style (PK/MW)
Package biblatex Info: Redefining '\cite'.
Package biblatex Info: Redefining '\parencite'.
Package biblatex Info: Redefining '\footcite'.
Package biblatex Info: Redefining '\footcitetext'.
Package biblatex Info: Redefining '\smartcite'.
Package biblatex Info: Redefining '\supercite'.
Package biblatex Info: Redefining '\textcite'.
Package biblatex Info: Redefining '\textcites'.
Package biblatex Info: Redefining '\cites'.
Package biblatex Info: Redefining '\parencites'.
Package biblatex Info: Redefining '\smartcites'.
)
Package biblatex Info: Trying to load configuration file...
Package biblatex Info: ... file 'biblatex.cfg' found.

(D:\Programowanie\JÄ™zyki\MiKTeX\tex/latex/biblatex\biblatex.cfg
File: biblatex.cfg 
)
Package biblatex Info: Input encoding 'utf8' detected.
Package biblatex Info: Document encoding is UTF8 ....
Package biblatex Info: ... and expl3
(biblatex)             2022-02-24 L3 programming layer (loader) 
(biblatex)             is new enough (at least 2020/04/06),
(biblatex)             setting 'casechanger=expl3'.

(D:\Programowanie\JÄ™zyki\MiKTeX\tex/latex/biblatex\blx-case-expl3.sty
(D:\Programowanie\JÄ™zyki\MiKTeX\tex/latex/l3packages/xparse\xparse.sty
Package: xparse 2022-01-12 L3 Experimental document command parser
)
Package: blx-case-expl3 2022/02/02 v3.17 expl3 case changing code for biblatex
))
(D:\Programowanie\JÄ™zyki\MiKTeX\tex/latex/listings\listings.sty
\lst@mode=\count423
\lst@gtempboxa=\box65
\lst@token=\toks28
\lst@length=\count424
\lst@currlwidth=\dimen185
\lst@column=\count425
\lst@pos=\count426
\lst@lostspace=\dimen186
\lst@width=\dimen187
\lst@newlines=\count427
\lst@lineno=\count428
\lst@maxwidth=\dimen188

(D:\Programowanie\JÄ™zyki\MiKTeX\tex/latex/listings\lstmisc.sty
File: lstmisc.sty 2020/03/24 1.8d (Carsten Heinz)
\c@lstnumber=\count429
\lst@skipnumbers=\count430
\lst@framebox=\box66
)
(D:\Programowanie\JÄ™zyki\MiKTeX\tex/latex/listings\listings.cfg
File: listings.cfg 2020/03/24 1.8d listings configuration
))
Package: listings 2020/03/24 1.8d (Carsten Heinz)
Package translations Info: No language package found. I am going to use `englis
h' as default language. on input line 46.
\@quotelevel=\count431
\@quotereset=\count432

(KacperWojcik_licencjat.aux

LaTeX Warning: Label `lst:class' multiply defined.


LaTeX Warning: Label `lst:class' multiply defined.


LaTeX Warning: Label `lst:class' multiply defined.


LaTeX Warning: Label `lst:class' multiply defined.

)
\openout1 = `KacperWojcik_licencjat.aux'.

LaTeX Font Info:    Checking defaults for OML/cmm/m/it on input line 46.
LaTeX Font Info:    ... okay on input line 46.
LaTeX Font Info:    Checking defaults for OMS/cmsy/m/n on input line 46.
LaTeX Font Info:    ... okay on input line 46.
LaTeX Font Info:    Checking defaults for OT1/cmr/m/n on input line 46.
LaTeX Font Info:    ... okay on input line 46.
LaTeX Font Info:    Checking defaults for T1/cmr/m/n on input line 46.
LaTeX Font Info:    ... okay on input line 46.
LaTeX Font Info:    Checking defaults for TS1/cmr/m/n on input line 46.
LaTeX Font Info:    ... okay on input line 46.
LaTeX Font Info:    Checking defaults for OMX/cmex/m/n on input line 46.
LaTeX Font Info:    ... okay on input line 46.
LaTeX Font Info:    Checking defaults for U/cmr/m/n on input line 46.
LaTeX Font Info:    ... okay on input line 46.
LaTeX Font Info:    Checking defaults for OT4/cmr/m/n on input line 46.
LaTeX Font Info:    ... okay on input line 46.
 (D:\Programowanie\JÄ™zyki\MiKTeX\tex/context/base/mkii\supp-pdf.mkii
[Loading MPS to PDF converter (version 2006.09.02).]
\scratchcounter=\count433
\scratchdimen=\dimen189
\scratchbox=\box67
\nofMPsegments=\count434
\nofMParguments=\count435
\everyMPshowfont=\toks29
\MPscratchCnt=\count436
\MPscratchDim=\dimen190
\MPnumerator=\count437
\makeMPintoPDFobject=\count438
\everyMPtoPDFconversion=\toks30
) (D:\Programowanie\JÄ™zyki\MiKTeX\tex/latex/epstopdf-pkg\epstopdf-base.sty
Package: epstopdf-base 2020-01-24 v2.11 Base part for package epstopdf
Package epstopdf-base Info: Redefining graphics rule for `.eps' on input line 4
85.

(D:\Programowanie\JÄ™zyki\MiKTeX\tex/latex/00miktex\epstopdf-sys.cfg
File: epstopdf-sys.cfg 2021/03/18 v2.0 Configuration of epstopdf for MiKTeX
))
*geometry* detected driver: pdftex
*geometry* verbose mode - [ preamble ] result:
* driver: pdftex
* paper: a4paper
* layout: <same size as paper>
* layoutoffset:(h,v)=(0.0pt,0.0pt)
* modes: twoside 
* h-part:(L,W,R)=(99.58464pt, 426.79135pt, 71.13188pt)
* v-part:(T,H,B)=(72.26999pt, 700.50687pt, 72.26999pt)
* \paperwidth=597.50787pt
* \paperheight=845.04684pt
* \textwidth=426.79135pt
* \textheight=700.50687pt
* \oddsidemargin=27.31465pt
* \evensidemargin=-1.1381pt
* \topmargin=-31.8738pt
* \headheight=13.5pt
* \headsep=19.8738pt
* \topskip=12.0pt
* \footskip=30.0pt
* \marginparwidth=88.0pt
* \marginparsep=7.0pt
* \columnsep=10.0pt
* \skip\footins=10.8pt plus 4.0pt minus 2.0pt
* \hoffset=0.0pt
* \voffset=0.0pt
* \mag=1000
* \@twocolumnfalse
* \@twosidetrue
* \@mparswitchtrue
* \@reversemarginfalse
* (1in=72.27pt=25.4mm, 1cm=28.453pt)

(D:\Programowanie\JÄ™zyki\MiKTeX\tex/latex/pdflscape\pdflscape.sty
Package: pdflscape 2019/12/05 v0.12 Display of landscape pages in PDF (HO)

(D:\Programowanie\JÄ™zyki\MiKTeX\tex/latex/graphics\lscape.sty
Package: lscape 2020/05/28 v3.02 Landscape Pages (DPC)
)
Package pdflscape Info: Auto-detected driver: pdftex on input line 81.
)
(D:\Programowanie\JÄ™zyki\MiKTeX\tex/latex/translations/dicts\translations-basi
c-dictionary-english.trsl
File: translations-basic-dictionary-english.trsl (english translation file `tra
nslations-basic-dictionary')
)
Package translations Info: loading dictionary `translations-basic-dictionary' f
or `english'. on input line 46.
Package biblatex Info: Trying to load language 'english'...
Package biblatex Info: ... file 'english.lbx' found.

(D:\Programowanie\JÄ™zyki\MiKTeX\tex/latex/biblatex/lbx\english.lbx
File: english.lbx 2022/02/02 v3.17 biblatex localization (PK/MW)
)
Package biblatex Info: Input encoding 'utf8' detected.
Package biblatex Info: Automatic encoding selection.
(biblatex)             Assuming data encoding 'utf8'.
Package biblatex Info: Input encoding 'utf8' detected.
Package biblatex Info: Data encoding 'utf8' specified.
(biblatex)             No need to reencode data.
\openout3 = `KacperWojcik_licencjat-blx.bib'.

Package biblatex Info: Trying to load bibliographic data...
Package biblatex Info: ... file 'KacperWojcik_licencjat.bbl' found.

(KacperWojcik_licencjat.bbl

Package biblatex Warning: BibTeX reported the following issues
(biblatex)                with 'EwelinaStoj.':
(biblatex)                - Invalid format of field 'urldate'.


Package biblatex Warning: BibTeX reported the following issues
(biblatex)                with 'wow':
(biblatex)                - Invalid format of field 'urldate'.


Package biblatex Warning: BibTeX reported the following issues
(biblatex)                with 'PWN':
(biblatex)                - Invalid format of field 'urldate'.


Package biblatex Warning: BibTeX reported the following issues
(biblatex)                with 'protegeabout':
(biblatex)                - Invalid format of field 'urldate'.


Package biblatex Warning: BibTeX reported the following issues
(biblatex)                with 'KIF':
(biblatex)                - Invalid format of field 'urldate'.


Package biblatex Warning: BibTeX reported the following issues
(biblatex)                with 'wikipedloom':
(biblatex)                - Invalid format of field 'month'.


Package biblatex Warning: BibTeX reported the following issues
(biblatex)                with 'owldok':
(biblatex)                - Invalid format of field 'urldate'.


Package biblatex Warning: BibTeX reported the following issues
(biblatex)                with 'wikipediaRDF':
(biblatex)                - Invalid format of field 'urldate'.


Package biblatex Warning: BibTeX reported the following issues
(biblatex)                with 'turt':
(biblatex)                - Invalid format of field 'urldate'.


Package biblatex Warning: BibTeX reported the following issues
(biblatex)                with 'uri':
(biblatex)                - Invalid format of field 'urldate'.


Package biblatex Warning: BibTeX reported the following issues
(biblatex)                with 'kon':
(biblatex)                - Invalid format of field 'urldate'.


Package biblatex Warning: BibTeX reported the following issues
(biblatex)                with 'CQ':
(biblatex)                - Invalid format of field 'urldate'.


Package biblatex Warning: BibTeX reported the following issues
(biblatex)                with 'agile':
(biblatex)                - Invalid format of field 'urldate'.


Package biblatex Warning: BibTeX reported the following issues
(biblatex)                with 'protegecli':
(biblatex)                - Invalid format of field 'urldate'.


Package biblatex Warning: BibTeX reported the following issues
(biblatex)                with 'furps':
(biblatex)                - Invalid format of field 'urldate'.


Package biblatex Warning: BibTeX reported the following issues
(biblatex)                with 'github':
(biblatex)                - Invalid format of field 'urldate'.


Package biblatex Warning: BibTeX reported the following issues
(biblatex)                with 'pizza':
(biblatex)                - Invalid format of field 'urldate'.


Package biblatex Warning: BibTeX reported the following issues
(biblatex)                with 'owlready2':
(biblatex)                - Invalid format of field 'urldate'.


Package biblatex Warning: BibTeX reported the following issues
(biblatex)                with 'dj':
(biblatex)                - Invalid format of field 'urldate'.

)
Package biblatex Info: Reference section=0 on input line 46.
Package biblatex Info: Reference segment=0 on input line 46.
\c@lstlisting=\count439


pdfTeX warning: pdflatex.exe (file ./stronatytulowa.pdf): PDF inclusion: found 
PDF version <1.7>, but at most version <1.5> allowed
<stronatytulowa.pdf, id=1, 597.432pt x 844.95674pt>
File: stronatytulowa.pdf Graphic file (type pdf)
<use stronatytulowa.pdf>
Package pdftex.def Info: stronatytulowa.pdf  used on input line 53.
(pdftex.def)             Requested size: 597.43054pt x 844.95468pt.


pdfTeX warning: pdflatex.exe (file ./stronatytulowa.pdf): PDF inclusion: found 
PDF version <1.7>, but at most version <1.5> allowed
File: stronatytulowa.pdf Graphic file (type pdf)
<use stronatytulowa.pdf>
Package pdftex.def Info: stronatytulowa.pdf  used on input line 53.
(pdftex.def)             Requested size: 597.43054pt x 844.95468pt.


pdfTeX warning: pdflatex.exe (file ./stronatytulowa.pdf): PDF inclusion: found 
PDF version <1.7>, but at most version <1.5> allowed


pdfTeX warning: pdflatex.exe (file ./stronatytulowa.pdf): PDF inclusion: found 
PDF version <1.7>, but at most version <1.5> allowed
<stronatytulowa.pdf, id=4, page=1, 597.432pt x 844.95674pt>
File: stronatytulowa.pdf Graphic file (type pdf)
<use stronatytulowa.pdf, page 1>
Package pdftex.def Info: stronatytulowa.pdf , page1 used on input line 53.
(pdftex.def)             Requested size: 597.43054pt x 844.95468pt.
File: stronatytulowa.pdf Graphic file (type pdf)
<use stronatytulowa.pdf, page 1>
Package pdftex.def Info: stronatytulowa.pdf , page1 used on input line 53.
(pdftex.def)             Requested size: 597.93192pt x 845.66379pt.
File: stronatytulowa.pdf Graphic file (type pdf)
<use stronatytulowa.pdf, page 1>
Package pdftex.def Info: stronatytulowa.pdf , page1 used on input line 53.
(pdftex.def)             Requested size: 597.93192pt x 845.66379pt.
File: stronatytulowa.pdf Graphic file (type pdf)
<use stronatytulowa.pdf, page 1>
Package pdftex.def Info: stronatytulowa.pdf , page1 used on input line 53.
(pdftex.def)             Requested size: 597.93192pt x 845.66379pt.
File: stronatytulowa.pdf Graphic file (type pdf)
<use stronatytulowa.pdf, page 1>
Package pdftex.def Info: stronatytulowa.pdf , page1 used on input line 53.
(pdftex.def)             Requested size: 597.93192pt x 845.66379pt.
[1

 <./stronatytulowa.pdf>] [2

] (KacperWojcik_licencjat.toc
LaTeX Font Info:    Trying to load font information for OML+plm on input line 3
.

(D:\Programowanie\JÄ™zyki\MiKTeX\tex/latex/polski\omlplm.fd
File: omlplm.fd 2008/02/24 v1.2.1 Font defs for fonts PL (MW)
)
LaTeX Font Info:    Trying to load font information for OMS+plsy on input line 
3.

(D:\Programowanie\JÄ™zyki\MiKTeX\tex/latex/polski\omsplsy.fd
File: omsplsy.fd 2008/02/24 v1.2.1 Font defs for fonts PL (MW)
)
LaTeX Font Info:    Trying to load font information for OMX+plex on input line 
3.

(D:\Programowanie\JÄ™zyki\MiKTeX\tex/latex/polski\omxplex.fd
File: omxplex.fd 2008/02/24 v1.2.1 Font defs for fonts PL (MW)
)
LaTeX Font Info:    External font `plex10' loaded for size
(Font)              <12> on input line 3.
LaTeX Font Info:    External font `plex10' loaded for size
(Font)              <8> on input line 3.
LaTeX Font Info:    External font `plex10' loaded for size
(Font)              <6> on input line 3.
LaTeX Font Info:    Trying to load font information for U+msa on input line 3.

(D:\Programowanie\JÄ™zyki\MiKTeX\tex/latex/amsfonts\umsa.fd
File: umsa.fd 2013/01/14 v3.01 AMS symbols A
)
LaTeX Font Info:    Trying to load font information for U+msb on input line 3.

(D:\Programowanie\JÄ™zyki\MiKTeX\tex/latex/amsfonts\umsb.fd
File: umsb.fd 2013/01/14 v3.01 AMS symbols B
) [3{C:/Users/owcaa/AppData/Local/MiKTeX/fonts/map/pdftex/pdftex.map}])
\tf@toc=\write4
\openout4 = `KacperWojcik_licencjat.toc'.

 [4] [5

] [6

] [7] [8

]
Rozdzia\PlPrIeC {\l } 1.
[9]
<./img//slide_9.jpg, id=69, 746.01291pt x 559.50967pt>
File: ./img//slide_9.jpg Graphic file (type jpg)
<use ./img//slide_9.jpg>
Package pdftex.def Info: ./img//slide_9.jpg  used on input line 95.
(pdftex.def)             Requested size: 261.10843pt x 195.83131pt.
<./img//OWL2-structure2-800.png, id=70, 602.25pt x 414.79968pt>
File: ./img//OWL2-structure2-800.png Graphic file (type png)
<use ./img//OWL2-structure2-800.png>
Package pdftex.def Info: ./img//OWL2-structure2-800.png  used on input line 105
.
(pdftex.def)             Requested size: 391.45786pt x 269.6166pt.


LaTeX Warning: `h' float specifier changed to `ht'.

[10 <./img//slide_9.jpg>]
<./img//Diagram1.png, id=75, 361.35pt x 140.28882pt>
File: ./img//Diagram1.png Graphic file (type png)
<use ./img//Diagram1.png>
Package pdftex.def Info: ./img//Diagram1.png  used on input line 120.
(pdftex.def)             Requested size: 271.01184pt x 105.21634pt.
 [11 <./img//OWL2-structure2-800.png> <./img//Diagram1.png>]
<./img//NeON.png, id=82, 668.4975pt x 461.47406pt>
File: ./img//NeON.png Graphic file (type png)
<use ./img//NeON.png>
Package pdftex.def Info: ./img//NeON.png  used on input line 150.
(pdftex.def)             Requested size: 501.37189pt x 346.10468pt.

Overfull \hbox (74.58054pt too wide) in paragraph at lines 150--151
 [][] 
 []

<./img//CQ.png, id=83, 826.58812pt x 524.71031pt>
File: ./img//CQ.png Graphic file (type png)
<use ./img//CQ.png>
Package pdftex.def Info: ./img//CQ.png  used on input line 156.
(pdftex.def)             Requested size: 454.62486pt x 288.59155pt.

Overfull \hbox (27.83351pt too wide) in paragraph at lines 156--157
 [][] 
 []

[12]

LaTeX Warning: `h' float specifier changed to `ht'.

[13 <./img//NeON.png>]
<./img//lifecycle.jpg, id=92, 321.2pt x 321.2pt>
File: ./img//lifecycle.jpg Graphic file (type jpg)
<use ./img//lifecycle.jpg>
Package pdftex.def Info: ./img//lifecycle.jpg  used on input line 174.
(pdftex.def)             Requested size: 273.02129pt x 273.02129pt.


LaTeX Warning: `h' float specifier changed to `ht'.

[14 <./img//CQ.png>]
<./img//lang.png, id=97, 906.38625pt x 487.06969pt>
File: ./img//lang.png Graphic file (type png)
<use ./img//lang.png>
Package pdftex.def Info: ./img//lang.png  used on input line 196.
(pdftex.def)             Requested size: 498.51398pt x 267.88914pt.

Overfull \hbox (71.72263pt too wide) in paragraph at lines 196--197
 [][] 
 []


LaTeX Warning: `h' float specifier changed to `ht'.

[15 <./img//lifecycle.jpg>] [16 <./img//lang.png>]
<./img//tab_oops.png, id=105, 679.03688pt x 548.80031pt>
File: ./img//tab_oops.png Graphic file (type png)
<use ./img//tab_oops.png>
Package pdftex.def Info: ./img//tab_oops.png  used on input line 224.
(pdftex.def)             Requested size: 373.47144pt x 301.8411pt.
 [17 <./img//tab_oops.png>]
[18

]
Rozdzia\PlPrIeC {\l } 2.
[19]
<./img//Protege.png, id=117, 773.89125pt x 603.75563pt>
File: ./img//Protege.png Graphic file (type png)
<use ./img//Protege.png>
Package pdftex.def Info: ./img//Protege.png  used on input line 251.
(pdftex.def)             Requested size: 425.6415pt x 332.06662pt.
 [20 <./img//Protege.png>] [21] [22]
<./img//wyn_ank.png, id=128, 384.6872pt x 643.6547pt>
File: ./img//wyn_ank.png Graphic file (type png)
<use ./img//wyn_ank.png>
Package pdftex.def Info: ./img//wyn_ank.png  used on input line 317.
(pdftex.def)             Requested size: 307.75017pt x 514.92445pt.


LaTeX Warning: `h' float specifier changed to `ht'.

[23] [24 <./img//wyn_ank.png>]
Rozdzia\PlPrIeC {\l } 3.
<./img//Diagram2.png, id=136, 878.57648pt x 783.63353pt>
File: ./img//Diagram2.png Graphic file (type png)
<use ./img//Diagram2.png>
Package pdftex.def Info: ./img//Diagram2.png  used on input line 328.
(pdftex.def)             Requested size: 307.50636pt x 274.27583pt.

LaTeX Warning: `h' float specifier changed to `ht'.


Overfull \hbox (28.46326pt too wide) in paragraph at lines 335--352
[][] 
 []


Underfull \vbox (badness 10000) has occurred while \output is active []

 [25

]
[26 <./img//Diagram2.png>] [27] [28]
<./img//klasy.jpg, id=150, 912.40875pt x 582.175pt>
File: ./img//klasy.jpg Graphic file (type jpg)
<use ./img//klasy.jpg>
Package pdftex.def Info: ./img//klasy.jpg  used on input line 451.
(pdftex.def)             Requested size: 456.20326pt x 291.08679pt.

Overfull \hbox (29.41191pt too wide) in paragraph at lines 451--452
 [][] 
 []


LaTeX Warning: `h' float specifier changed to `ht'.

<./img//UseCaseDiagram.jpg, id=151, 899.36pt x 666.49pt>
File: ./img//UseCaseDiagram.jpg Graphic file (type jpg)
<use ./img//UseCaseDiagram.jpg>
Package pdftex.def Info: ./img//UseCaseDiagram.jpg  used on input line 460.
(pdftex.def)             Requested size: 449.6789pt x 333.24419pt.

Overfull \hbox (22.88754pt too wide) in paragraph at lines 460--461
 [][] 
 []


LaTeX Warning: `h' float specifier changed to `ht'.

[29]
<./img//ActivityClassDiagram.jpg, id=155, 875.27pt x 635.37375pt>
File: ./img//ActivityClassDiagram.jpg Graphic file (type jpg)
<use ./img//ActivityClassDiagram.jpg>
Package pdftex.def Info: ./img//ActivityClassDiagram.jpg  used on input line 47
3.
(pdftex.def)             Requested size: 437.63393pt x 317.6861pt.

Overfull \hbox (10.84258pt too wide) in paragraph at lines 473--474
 [][] 
 []


LaTeX Warning: `h' float specifier changed to `ht'.

[30 <./img//klasy.jpg>]
<./img//login_page.png, id=159, 1443.89438pt x 721.19438pt>
File: ./img//login_page.png Graphic file (type png)
<use ./img//login_page.png>
Package pdftex.def Info: ./img//login_page.png  used on input line 489.
(pdftex.def)             Requested size: 447.60263pt x 223.56795pt.

Overfull \hbox (20.81128pt too wide) in paragraph at lines 489--490
 [][] 
 []


LaTeX Warning: `h' float specifier changed to `ht'.

<./img//register.png, id=160, 489.32813pt x 367.3725pt>
File: ./img//register.png Graphic file (type png)
<use ./img//register.png>
Package pdftex.def Info: ./img//register.png  used on input line 495.
(pdftex.def)             Requested size: 151.69014pt x 113.8843pt.

LaTeX Warning: `h' float specifier changed to `ht'.

<./img//dark_en.png, id=161, 1447.65843pt x 721.94719pt>
File: ./img//dark_en.png Graphic file (type png)
<use ./img//dark_en.png>
Package pdftex.def Info: ./img//dark_en.png  used on input line 501.
(pdftex.def)             Requested size: 448.76949pt x 223.80132pt.

Overfull \hbox (21.97813pt too wide) in paragraph at lines 501--502
 [][] 
 []


LaTeX Warning: `h' float specifier changed to `ht'.

<./img//main_page.png, id=162, 1439.3775pt x 720.44156pt>
File: ./img//main_page.png Graphic file (type png)
<use ./img//main_page.png>
Package pdftex.def Info: ./img//main_page.png  used on input line 507.
(pdftex.def)             Requested size: 446.20242pt x 223.33456pt.

Overfull \hbox (19.41107pt too wide) in paragraph at lines 507--508
 [][] 
 []


LaTeX Warning: `h' float specifier changed to `ht'.

[31 <./img//UseCaseDiagram.jpg>] [32 <./img//ActivityClassDiagram.jpg> <./img//
login_page.png>] [33 <./img//register.png> <./img//dark_en.png> <./img//main_pa
ge.png>] [34

]
Rozdzia\PlPrIeC {\l } 4.
(D:\Programowanie\JÄ™zyki\MiKTeX\tex/latex/listings\lstlang1.sty
File: lstlang1.sty 2020/03/24 1.8d listings language file
) [35] [36]
[37] (D:\Programowanie\JÄ™zyki\MiKTeX\tex/latex/listings\lstlang1.sty
File: lstlang1.sty 2020/03/24 1.8d listings language file
)
(D:\Programowanie\JÄ™zyki\MiKTeX\tex/latex/listings\lstmisc.sty
File: lstmisc.sty 2020/03/24 1.8d (Carsten Heinz)
)
LaTeX Font Info:    Trying to load font information for OMS+cmr on input line 5
82.

(D:\Programowanie\JÄ™zyki\MiKTeX\tex/latex/base\omscmr.fd
File: omscmr.fd 2019/12/16 v2.5j Standard LaTeX font definitions
)
LaTeX Font Info:    Font shape `OMS/cmr/m/n' in size <10.95> not available
(Font)              Font shape `OMS/cmsy/m/n' tried instead on input line 582.
LaTeX Font Info:    Trying to load font information for OML+cmr on input line 5
88.

(D:\Programowanie\JÄ™zyki\MiKTeX\tex/latex/base\omlcmr.fd
File: omlcmr.fd 2019/12/16 v2.5j Standard LaTeX font definitions
)
LaTeX Font Info:    Font shape `OML/cmr/m/n' in size <10.95> not available
(Font)              Font shape `OML/cmm/m/it' tried instead on input line 588.
 [38] [39] [40

]
[41] [42

] (KacperWojcik_licencjat.lot)
\tf@lot=\write5
\openout5 = `KacperWojcik_licencjat.lot'.

 [43] [44

] (KacperWojcik_licencjat.lof)
\tf@lof=\write6
\openout6 = `KacperWojcik_licencjat.lof'.


[45] [46

] (KacperWojcik_licencjat.lol)
\tf@lol=\write7
\openout7 = `KacperWojcik_licencjat.lol'.

 [47] [48

]
LaTeX Font Info:    Trying to load font information for OT4+cmtt on input line 
646.

(D:\Programowanie\JÄ™zyki\MiKTeX\tex/latex/polski\ot4cmtt.fd
File: ot4cmtt.fd 2008/02/24 v1.2.1 Font defs for fonts PL (MW)
)
Underfull \hbox (badness 2961) in paragraph at lines 646--646
[]\OT4/cmr/m/n/12 V Ma-scar-di, V Cor-di, P Ros-so. ``A Com-par-sion of Up-per 
On-to-lo-
 []


Underfull \hbox (badness 4467) in paragraph at lines 646--646
\OT4/cmr/m/n/12 gies''. []In[]: (2007). \OT4/cmr/m/sc/12 url\OT4/cmr/m/n/12 : $
\OT4/cmtt/m/n/12 https : / / web . archive . org / web /
 []


Underfull \hbox (badness 1902) in paragraph at lines 646--646
\OT4/cmtt/m/n/12 20171113222220 / https : / / pdfs . semanticscholar . org / 4f
28 /
 []

[49]
Underfull \hbox (badness 7291) in paragraph at lines 646--646
[]\OT4/cmr/m/n/12 Mar\TS1/cmr/m/n/12 ´\OT4/cmr/m/n/12 ^^Pa Poveda-Villal\TS1/cm
r/m/n/12 ´\OT4/cmr/m/n/12 on, Ma-ri Car-men Su\TS1/cmr/m/n/12 ´\OT4/cmr/m/n/12 
arez-Figueroa, Asun-ci\TS1/cmr/m/n/12 ´\OT4/cmr/m/n/12 on
 []

[50] [51] (KacperWojcik_licencjat.aux)

LaTeX Warning: There were undefined references.


LaTeX Warning: There were multiply-defined labels.


Package biblatex Warning: Please (re)run BibTeX on the file(s):
(biblatex)                KacperWojcik_licencjat
(biblatex)                and rerun LaTeX afterwards.

Package logreq Info: Writing requests to 'KacperWojcik_licencjat.run.xml'.
\openout1 = `KacperWojcik_licencjat.run.xml'.

 ) 
Here is how much of TeX's memory you used:
 19038 strings out of 478582
 384150 string characters out of 2850442
 1120122 words of memory out of 3000000
 36970 multiletter control sequences out of 15000+600000
 482834 words of font info for 63 fonts, out of 8000000 for 9000
 1141 hyphenation exceptions out of 8191
 71i,17n,79p,1859b,2031s stack positions out of 10000i,1000n,20000p,200000b,80000s
{D:/Programowanie/JÄ™zyki/MiKTeX/fonts/enc/dvips/pl/pltt.enc}{D:/Programowani
e/JÄ™zyki/MiKTeX/fonts/enc/dvips/pl/plsc.enc}{D:/Programowanie/JÄ™zyki/MiKTeX/f
onts/enc/dvips/pl/plit.enc}{D:/Programowanie/JÄ™zyki/MiKTeX/fonts/enc/dvips/pl/
plms.enc} <C:\Users\owcaa\AppData\Local\MiKTeX\fonts/pk/ljfour/jknappen/ec/dpi6
00\tcrm1200.pk>{D:/Programowanie/JÄ™zyki/MiKTeX/fonts/enc/dvips/pl/plrm.enc}<D:
/Programowanie/JÄ™zyki/MiKTeX/fonts/type1/public/amsfonts/cm/cmmi10.pfb><D:/Pro
gramowanie/JÄ™zyki/MiKTeX/fonts/type1/public/amsfonts/cm/cmsy10.pfb><D:/Program
owanie/JÄ™zyki/MiKTeX/fonts/type1/public/pl/plbx10.pfb><D:/Programowanie/JÄ™zyk
i/MiKTeX/fonts/type1/public/pl/plbx12.pfb><D:/Programowanie/JÄ™zyki/MiKTeX/font
s/type1/public/pl/plbxti10.pfb><D:/Programowanie/JÄ™zyki/MiKTeX/fonts/type1/pub
lic/pl/plcsc10.pfb><D:/Programowanie/JÄ™zyki/MiKTeX/fonts/type1/public/pl/plr10
.pfb><D:/Programowanie/JÄ™zyki/MiKTeX/fonts/type1/public/pl/plr12.pfb><D:/Progr
amowanie/JÄ™zyki/MiKTeX/fonts/type1/public/pl/plsy10.pfb><D:/Programowanie/JÄ™z
yki/MiKTeX/fonts/type1/public/pl/plti12.pfb><D:/Programowanie/JÄ™zyki/MiKTeX/fo
nts/type1/public/pl/pltt12.pfb>
Output written on KacperWojcik_licencjat.pdf (51 pages, 1867144 bytes).
PDF statistics:
 297 PDF objects out of 1000 (max. 8388607)
 0 named destinations out of 1000 (max. 500000)
 111 words of extra memory for PDF output out of 10000 (max. 10000000)

